
Number of files generated in 'language_specific_files': 51
Name of generated files in 'language_specific_files': en-af.xlsx
en-am.xlsx
en-ar.xlsx
en-az.xlsx
en-bn.xlsx
en-ca.xlsx
en-cy.xlsx
en-da.xlsx
en-de.xlsx
en-el.xlsx
en-en.xlsx
en-es.xlsx
en-fa.xlsx
en-fi.xlsx
en-fr.xlsx
en-he.xlsx
en-hi.xlsx
en-hu.xlsx
en-hy.xlsx
en-id.xlsx
en-is.xlsx
en-it.xlsx
en-ja.xlsx
en-jv.xlsx
en-ka.xlsx
en-km.xlsx
en-kn.xlsx
en-ko.xlsx
en-lv.xlsx
en-ml.xlsx
en-mn.xlsx
en-ms.xlsx
en-my.xlsx
en-nb.xlsx
en-nl.xlsx
en-pl.xlsx
en-pt.xlsx
en-ro.xlsx
en-ru.xlsx
en-sl.xlsx
en-sq.xlsx
en-sv.xlsx
en-sw.xlsx
en-ta.xlsx
en-te.xlsx
en-th.xlsx
en-tl.xlsx
en-tr.xlsx
en-ur.xlsx
en-vi.xlsx
en-zh.xlsx
Number of files generated in 'jsonl_files': 4
Name of generated files in 'jsonl_files': combined_translation.jsonl
dev.jsonl
test.jsonl
train.jsonl
